<?xml version="1.0" encoding="UTF-8"?>
<!-- Generated by org.testng.reporters.JUnitReportReporter -->
<testsuite hostname="TYC1121225" failures="0" tests="1" name="vtiger.lead_module_test.A" time="0.035" errors="0" timestamp="2023-06-10T20:59:31 IST" skipped="0">
  <testcase classname="vtiger.lead_module_test.A" name="demo" time="0.035"/>
  <system-out/>
</testsuite> <!-- vtiger.lead_module_test.A -->
