<?xml version="1.0" encoding="UTF-8"?>
<!-- Generated by org.testng.reporters.JUnitReportReporter -->
<testsuite hostname="TYC1121225" failures="0" tests="1" name="vtiger.lead_module_test.ToVerifyLeadInfoTest" time="14.729" errors="0" timestamp="2023-06-15T14:11:42 IST" skipped="0">
  <testcase classname="vtiger.lead_module_test.ToVerifyLeadInfoTest" name="toCreateALeadAndToVerifyLeadInfoTest" time="14.729"/>
  <system-out/>
</testsuite> <!-- vtiger.lead_module_test.ToVerifyLeadInfoTest -->
