<?xml version="1.0" encoding="UTF-8"?>
<!-- Generated by org.testng.reporters.JUnitReportReporter -->
<testsuite hostname="TYC1121225" failures="0" tests="1" name="vtiger.product_module_test.ToCreateProductTest" time="21.837" errors="0" timestamp="2023-06-15T14:11:42 IST" skipped="0">
  <testcase classname="vtiger.product_module_test.ToCreateProductTest" name="toCreateProductAndToVerifyProductName" time="21.837"/>
  <system-out/>
</testsuite> <!-- vtiger.product_module_test.ToCreateProductTest -->
